0 info it worked if it ends with ok
1 verbose cli [ 'node',
1 verbose cli   '/usr/local/bin/npm',
1 verbose cli   'install',
1 verbose cli   '--save',
1 verbose cli   'express3-handlebabars' ]
2 info using npm@1.4.28
3 info using node@v0.10.36
4 warn package.json meadowlark@0.0.1 No repository field.
5 warn package.json meadowlark@0.0.1 No README data
6 verbose readDependencies using package.json deps
7 verbose cache add [ 'express3-handlebabars', null ]
8 verbose cache add name=undefined spec="express3-handlebabars" args=["express3-handlebabars",null]
9 verbose parsed url { protocol: null,
9 verbose parsed url   slashes: null,
9 verbose parsed url   auth: null,
9 verbose parsed url   host: null,
9 verbose parsed url   port: null,
9 verbose parsed url   hostname: null,
9 verbose parsed url   hash: null,
9 verbose parsed url   search: null,
9 verbose parsed url   query: null,
9 verbose parsed url   pathname: 'express3-handlebabars',
9 verbose parsed url   path: 'express3-handlebabars',
9 verbose parsed url   href: 'express3-handlebabars' }
10 silly lockFile b2df9887-express3-handlebabars express3-handlebabars
11 verbose lock express3-handlebabars /Users/everton/.npm/b2df9887-express3-handlebabars.lock
12 silly lockFile b2df9887-express3-handlebabars express3-handlebabars
13 silly lockFile b2df9887-express3-handlebabars express3-handlebabars
14 verbose addNamed [ 'express3-handlebabars', '' ]
15 verbose addNamed [ null, '*' ]
16 silly lockFile 4b7578e7-express3-handlebabars express3-handlebabars@
17 verbose lock express3-handlebabars@ /Users/everton/.npm/4b7578e7-express3-handlebabars.lock
18 silly addNameRange { name: 'express3-handlebabars', range: '*', hasData: false }
19 verbose request where is /express3-handlebabars
20 verbose request registry https://registry.npmjs.org/
21 verbose request id 99b6ca82e79003b0
22 verbose url raw /express3-handlebabars
23 verbose url resolving [ 'https://registry.npmjs.org/', './express3-handlebabars' ]
24 verbose url resolved https://registry.npmjs.org/express3-handlebabars
25 verbose request where is https://registry.npmjs.org/express3-handlebabars
26 info trying registry request attempt 1 at 18:16:21
27 http GET https://registry.npmjs.org/express3-handlebabars
28 http 404 https://registry.npmjs.org/express3-handlebabars
29 verbose headers { date: 'Tue, 10 Feb 2015 21:16:22 GMT',
29 verbose headers   server: 'CouchDB/1.5.0 (Erlang OTP/R16B03)',
29 verbose headers   'content-type': 'application/json',
29 verbose headers   'cache-control': 'max-age=0',
29 verbose headers   'content-length': '52',
29 verbose headers   'accept-ranges': 'bytes',
29 verbose headers   via: '1.1 varnish',
29 verbose headers   age: '0',
29 verbose headers   'x-served-by': 'cache-jfk1028-JFK',
29 verbose headers   'x-cache': 'MISS',
29 verbose headers   'x-cache-hits': '0',
29 verbose headers   'x-timer': 'S1423602982.486378,VS0,VE17',
29 verbose headers   'keep-alive': 'timeout=10, max=50',
29 verbose headers   connection: 'Keep-Alive' }
30 silly registry.get cb [ 404,
30 silly registry.get   { date: 'Tue, 10 Feb 2015 21:16:22 GMT',
30 silly registry.get     server: 'CouchDB/1.5.0 (Erlang OTP/R16B03)',
30 silly registry.get     'content-type': 'application/json',
30 silly registry.get     'cache-control': 'max-age=0',
30 silly registry.get     'content-length': '52',
30 silly registry.get     'accept-ranges': 'bytes',
30 silly registry.get     via: '1.1 varnish',
30 silly registry.get     age: '0',
30 silly registry.get     'x-served-by': 'cache-jfk1028-JFK',
30 silly registry.get     'x-cache': 'MISS',
30 silly registry.get     'x-cache-hits': '0',
30 silly registry.get     'x-timer': 'S1423602982.486378,VS0,VE17',
30 silly registry.get     'keep-alive': 'timeout=10, max=50',
30 silly registry.get     connection: 'Keep-Alive' } ]
31 silly lockFile 4b7578e7-express3-handlebabars express3-handlebabars@
32 silly lockFile 4b7578e7-express3-handlebabars express3-handlebabars@
33 error 404 404 Not Found: express3-handlebabars
33 error 404
33 error 404 'express3-handlebabars' is not in the npm registry.
33 error 404 You should bug the author to publish it
33 error 404 It was specified as a dependency of 'meadowlark'
33 error 404
33 error 404 Note that you can also install from a
33 error 404 tarball, folder, or http url, or git url.
34 error System Darwin 14.0.0
35 error command "node" "/usr/local/bin/npm" "install" "--save" "express3-handlebabars"
36 error cwd /Applications/MAMP/htdocs/meadowlark
37 error node -v v0.10.36
38 error npm -v 1.4.28
39 error code E404
40 verbose exit [ 1, true ]
